[21:00:51][WEB] : Watching 1 file/s 2 folder/s
[21:00:51][WEB] : Command "go-wrapper download"
[21:00:51][WEB] : Command "go-wrapper install"
[21:00:51][WEB] : Install started
[21:00:51][WEB] : Install completed in 0.037 s
[21:00:51][WEB] : Build started
[21:00:51][WEB] : DIR changed /apps/nothingsbland/web/web-go-tmp-umask
[21:00:51][WEB] : DIR changed /apps/nothingsbland/web/web
[21:00:51][WEB] : Install started
[21:00:51][WEB] : Build completed in 0.148 s
[21:00:51][WEB] : Install completed in 0.001 s
[21:00:51][WEB] : Command "go-wrapper download"
[21:00:51][WEB] : Command "go-wrapper install"
[21:00:51][WEB] : stat /apps/nothingsbland/web/web: no such file or directory
[21:00:51][WEB] : Install started
[21:00:51][WEB] : Install completed in 0.040 s
[21:00:51][WEB] : Build started
[21:00:51][WEB] : DIR changed /apps/nothingsbland/web/web-go-tmp-umask
[21:00:51][WEB] : Build completed in 0.176 s
[21:00:52][WEB] : Command "go-wrapper download"
[21:00:52][WEB] : Install started
[21:00:52][WEB] : DIR changed /apps/nothingsbland/web/web
[21:00:52][WEB] : Install completed in 0.001 s
[21:00:52][WEB] : Command "go-wrapper download"
[21:00:52][WEB] : Command "go-wrapper install"
[21:00:52][WEB] : Install started
[21:00:52][WEB] : Install completed in 0.053 s
[21:00:52][WEB] : Build started
[21:00:52][WEB] : DIR changed /apps/nothingsbland/web/web-go-tmp-umask
[21:00:52][WEB] : DIR changed /apps/nothingsbland/web/web
[21:00:52][WEB] : Install started
[21:00:52][WEB] : Build completed in 0.170 s
[21:00:52][WEB] : Install completed in 0.001 s
[21:00:52][WEB] : Command "go-wrapper download"
[21:00:52][WEB] : Command "go-wrapper install"
[21:00:52][WEB] : stat /apps/nothingsbland/web/web: no such file or directory
[21:00:52][WEB] : Install started
[21:00:52][WEB] : Install completed in 0.044 s
[21:00:52][WEB] : Build started
[21:00:53][WEB] : DIR changed /apps/nothingsbland/web/web-go-tmp-umask
[21:00:53][WEB] : DIR changed /apps/nothingsbland/web/web
[21:00:53][WEB] : Build completed in 0.155 s
[21:00:53][WEB] : Install started
[21:00:53][WEB] : Install completed in 0.002 s
[21:00:53][WEB] : Command "go-wrapper download"
[21:00:53][WEB] : Command "go-wrapper install"
[21:00:53][WEB] : stat /apps/nothingsbland/web/web: no such file or directory
[21:00:53][WEB] : Install started
[21:00:53][WEB] : Install completed in 0.042 s
[21:00:53][WEB] : Build started
[21:00:53][WEB] : DIR changed /apps/nothingsbland/web/web-go-tmp-umask
[21:00:53][WEB] : Build completed in 0.174 s
[21:00:53][WEB] : Command "go-wrapper download"
[21:00:53][WEB] : Command "go-wrapper install"
[21:00:53][WEB] : Install started
[21:00:53][WEB] : Install completed in 0.042 s
[21:00:53][WEB] : Build started
[21:00:53][WEB] : DIR changed /apps/nothingsbland/web/web-go-tmp-umask
[21:00:53][WEB] : Build completed in 0.147 s
[21:00:53][WEB] : Command "go-wrapper download"
[21:00:54][WEB] : DIR changed /apps/nothingsbland/web/web
[21:00:54][WEB] : Install started
[21:00:54][WEB] : Install completed in 0.001 s
[21:00:54][WEB] : Command "go-wrapper download"
[21:00:54][WEB] : Command "go-wrapper install"
[21:00:54][WEB] : Install started
[21:00:54][WEB] : Install completed in 0.043 s
[21:00:54][WEB] : Build started
[21:00:54][WEB] : DIR changed /apps/nothingsbland/web/web-go-tmp-umask
[21:00:54][WEB] : DIR changed /apps/nothingsbland/web/web
[21:00:54][WEB] : DIR changed /apps/nothingsbland/web/web
[21:00:54][WEB] : Install started
[21:00:54][WEB] : Install completed in 0.001 s
[21:00:54][WEB] : Command "go-wrapper download"
[21:00:54][WEB] : Command "go-wrapper install"
[21:00:54][WEB] : stat /apps/nothingsbland/web/web: no such file or directory
[21:00:54][WEB] : Install started
[21:00:54][WEB] : Install completed in 0.039 s
[21:00:54][WEB] : Build started
[21:00:54][WEB] : DIR changed /apps/nothingsbland/web/web-go-tmp-umask
[21:00:54][WEB] : Build completed in 0.145 s
[21:00:54][WEB] : Command "go-wrapper download"
[21:00:55][WEB] : DIR changed /apps/nothingsbland/web/web
[21:00:55][WEB] : Command ""
[21:00:55][WEB] : Command "go-wrapper download"
[21:00:55][WEB] : Command "go-wrapper install"
[21:00:55][WEB] : Install started
[21:00:55][WEB] : Install completed in 0.039 s
[21:00:55][WEB] : Build started
[21:00:55][WEB] : DIR changed /apps/nothingsbland/web/web-go-tmp-umask
[21:00:55][WEB] : DIR changed /apps/nothingsbland/web/web
[21:00:55][WEB] : Build completed in 0.170 s
[21:00:55][WEB] : Install started
[21:00:55][WEB] : Install completed in 0.001 s
[21:00:55][WEB] : Command "go-wrapper download"
[21:00:55][WEB] : Command "go-wrapper install"
[21:00:55][WEB] : stat /apps/nothingsbland/web/web: no such file or directory
[21:00:55][WEB] : Install started
[21:00:55][WEB] : Install completed in 0.037 s
[21:00:55][WEB] : Build started
[21:00:55][WEB] : DIR changed /apps/nothingsbland/web/web-go-tmp-umask
[21:00:55][WEB] : Build completed in 0.172 s
[21:00:55][WEB] : Command "go-wrapper download"
[21:00:56][WEB] : DIR changed /apps/nothingsbland/web/web
[21:00:56][WEB] : Command ""
[21:00:56][WEB] : Install started
[21:00:56][WEB] : Install completed in 0.000 s
[21:00:56][WEB] : Command "go-wrapper download"
[21:00:56][WEB] : Command "go-wrapper install"
[21:00:56][WEB] : Install started
[21:00:56][WEB] : Install completed in 0.038 s
[21:00:56][WEB] : Build started
[21:00:56][WEB] : DIR changed /apps/nothingsbland/web/web-go-tmp-umask
[21:00:56][WEB] : Build completed in 0.167 s
[21:00:56][WEB] : DIR changed /apps/nothingsbland/web/web
[21:00:56][WEB] : Install started
[21:00:56][WEB] : Install completed in 0.001 s
[21:00:56][WEB] : Command "go-wrapper download"
[21:00:56][WEB] : Command "go-wrapper install"
[21:00:56][WEB] : stat /apps/nothingsbland/web/web: no such file or directory
[21:00:56][WEB] : Install started
[21:00:56][WEB] : Install completed in 0.041 s
[21:00:56][WEB] : Build started
[21:00:56][WEB] : DIR changed /apps/nothingsbland/web/web-go-tmp-umask
[21:00:56][WEB] : Build completed in 0.158 s
[21:00:56][WEB] : Command "go-wrapper download"
[21:00:57][WEB] : DIR changed /apps/nothingsbland/web/web
[21:00:57][WEB] : Command "go-wrapper download"
[21:00:57][WEB] : Command "go-wrapper install"
[21:00:57][WEB] : Install started
[21:00:57][WEB] : Install completed in 0.039 s
[21:00:57][WEB] : Build started
[21:00:57][WEB] : DIR changed /apps/nothingsbland/web/web-go-tmp-umask
[21:00:57][WEB] : DIR changed /apps/nothingsbland/web/web
[21:00:57][WEB] : Install started
[21:00:57][WEB] : Build completed in 0.153 s
[21:00:57][WEB] : Install completed in 0.001 s
[21:00:57][WEB] : Command "go-wrapper download"
[21:00:57][WEB] : Command "go-wrapper install"
[21:00:57][WEB] : stat /apps/nothingsbland/web/web: no such file or directory
[21:00:57][WEB] : Install started
[21:00:57][WEB] : Install completed in 0.052 s
[21:00:57][WEB] : Build started
[21:00:57][WEB] : Build completed in 0.187 s
[21:00:57][WEB] : DIR changed /apps/nothingsbland/web/web-go-tmp-umask
[21:00:58][WEB] : Command "go-wrapper download"
[21:00:58][WEB] : DIR changed /apps/nothingsbland/web/web
[21:00:58][WEB] : Install started
[21:00:58][WEB] : Install completed in 0.000 s
[21:00:58][WEB] : Build started
[21:00:58][WEB] : Build completed in 0.000 s
[21:00:58][WEB] : Command "go-wrapper download"
[21:00:58][WEB] : Command "go-wrapper install"
[21:00:58][WEB] : Install started
[21:00:58][WEB] : Install completed in 0.041 s
[21:00:58][WEB] : Build started
[21:00:58][WEB] : DIR changed /apps/nothingsbland/web/web-go-tmp-umask
[21:00:58][WEB] : DIR changed /apps/nothingsbland/web/web
[21:00:58][WEB] : Install started
[21:00:58][WEB] : Build completed in 0.155 s
[21:00:58][WEB] : Install completed in 0.004 s
[21:00:58][WEB] : Command "go-wrapper download"
[21:00:58][WEB] : Command "go-wrapper install"
[21:00:58][WEB] : stat /apps/nothingsbland/web/web: no such file or directory
[21:00:58][WEB] : Install started
[21:00:58][WEB] : Install completed in 0.039 s
[21:00:58][WEB] : Build started
[21:00:58][WEB] : DIR changed /apps/nothingsbland/web/web-go-tmp-umask
[21:00:58][WEB] : Build completed in 0.163 s
[21:00:59][WEB] : Command "go-wrapper download"
[21:00:59][WEB] : DIR changed /apps/nothingsbland/web/web
[21:00:59][WEB] : Command "go-wrapper download"
[21:00:59][WEB] : Command "go-wrapper install"
[21:00:59][WEB] : Install started
[21:00:59][WEB] : Install completed in 0.042 s
[21:00:59][WEB] : Build started
[21:00:59][WEB] : DIR changed /apps/nothingsbland/web/web-go-tmp-umask
[21:00:59][WEB] : DIR changed /apps/nothingsbland/web/web
[21:00:59][WEB] : Build completed in 0.147 s
[21:00:59][WEB] : Install started
[21:00:59][WEB] : Install completed in 0.001 s
[21:00:59][WEB] : Command "go-wrapper download"
[21:00:59][WEB] : Command "go-wrapper install"
[21:00:59][WEB] : stat /apps/nothingsbland/web/web: no such file or directory
[21:00:59][WEB] : Install started
[21:00:59][WEB] : Install completed in 0.039 s
[21:00:59][WEB] : Build started
[21:00:59][WEB] : DIR changed /apps/nothingsbland/web/web-go-tmp-umask
[21:00:59][WEB] : Build completed in 0.163 s
[21:01:00][WEB] : Command "go-wrapper download"
[21:01:00][WEB] : DIR changed /apps/nothingsbland/web/web
[21:01:00][WEB] : Command ""
[21:01:00][WEB] : Command "go-wrapper download"
[21:01:00][WEB] : Command "go-wrapper install"
[21:01:00][WEB] : Install started
[21:01:00][WEB] : Install completed in 0.039 s
[21:01:00][WEB] : Build started
[21:01:00][WEB] : DIR changed /apps/nothingsbland/web/web-go-tmp-umask
[21:01:00][WEB] : DIR changed /apps/nothingsbland/web/web
[21:01:00][WEB] : Build completed in 0.154 s
[21:01:00][WEB] : Install started
[21:01:00][WEB] : Install completed in 0.002 s
[21:01:00][WEB] : Command "go-wrapper download"
[21:01:00][WEB] : Command "go-wrapper install"
[21:01:00][WEB] : stat /apps/nothingsbland/web/web: no such file or directory
[21:01:00][WEB] : Install started
[21:01:00][WEB] : Install completed in 0.036 s
[21:01:00][WEB] : Build started
[21:01:00][WEB] : DIR changed /apps/nothingsbland/web/web-go-tmp-umask
[21:01:00][WEB] : Build completed in 0.160 s
[21:01:01][WEB] : Command "go-wrapper download"
[21:01:01][WEB] : DIR changed /apps/nothingsbland/web/web
[21:01:01][WEB] : Install started
[21:01:01][WEB] : Install completed in 0.001 s
[21:01:01][WEB] : Command "go-wrapper download"
[21:01:01][WEB] : Command "go-wrapper install"
[21:01:01][WEB] : Install started
[21:01:01][WEB] : Install completed in 0.038 s
[21:01:01][WEB] : Build started
